{"timestamp":"2026-06-02T04:19:53.488Z","event":"TRADE_EXECUTED","userId":"99ac5948-2951-4423-83c1-76d7d6ef0f63","symbol":"BTCUSDT","direction":"SHORT","entry":70770.81,"sl":71255.79251977339,"tp":69800.84496045322,"quantity":0.01413011946592105,"strategyName":"Lorentzian Classification","confidence":93}
{"timestamp":"2026-06-02T04:19:54.586Z","event":"TRADE_EXECUTED","userId":"99ac5948-2951-4423-83c1-76d7d6ef0f63","symbol":"ETHUSDT","direction":"LONG","entry":1998.25,"sl":1978.1881333132783,"tp":2038.3737333734437,"quantity":0.5004378831477543,"strategyName":"Defensive Strategy","confidence":95}
{"timestamp":"2026-06-02T04:19:56.185Z","event":"POSITION_MONITOR","symbol":"ETHUSDT","positionId":"3dbae777-a1a4-47b4-921f-bfa7eb25feb5","currentPrice":2001.24,"entry":1998.25,"sl":1978.188133313278,"tp":2038.373733373444,"distanceToTpPct":1.86,"distanceToSlPct":1.15}
{"timestamp":"2026-06-02T04:19:57.129Z","event":"POSITION_MONITOR","symbol":"BTCUSDT","positionId":"1255230d-a07d-4be6-87a0-419e8386552d","currentPrice":70888,"entry":70770.81,"sl":71255.79251977339,"tp":69800.84496045322,"distanceToTpPct":1.53,"distanceToSlPct":0.52}
{"timestamp":"2026-06-02T04:23:54.128Z","event":"POSITION_MONITOR","symbol":"BTCUSDT","positionId":"1255230d-a07d-4be6-87a0-419e8386552d","currentPrice":70871.87,"entry":70770.81,"sl":71255.79251977339,"tp":69800.84496045322,"distanceToTpPct":1.51,"distanceToSlPct":0.54}
{"timestamp":"2026-06-02T04:23:54.130Z","event":"POSITION_MONITOR","symbol":"ETHUSDT","positionId":"3dbae777-a1a4-47b4-921f-bfa7eb25feb5","currentPrice":2001.89,"entry":1998.25,"sl":1978.188133313278,"tp":2038.373733373444,"distanceToTpPct":1.82,"distanceToSlPct":1.18}
{"timestamp":"2026-06-02T04:28:54.142Z","event":"POSITION_MONITOR","symbol":"BTCUSDT","positionId":"1255230d-a07d-4be6-87a0-419e8386552d","currentPrice":70996.15,"entry":70770.81,"sl":71255.79251977339,"tp":69800.84496045322,"distanceToTpPct":1.68,"distanceToSlPct":0.37}
{"timestamp":"2026-06-02T04:28:54.143Z","event":"POSITION_MONITOR","symbol":"ETHUSDT","positionId":"3dbae777-a1a4-47b4-921f-bfa7eb25feb5","currentPrice":2005.23,"entry":1998.25,"sl":1978.188133313278,"tp":2038.373733373444,"distanceToTpPct":1.65,"distanceToSlPct":1.35}
{"timestamp":"2026-06-02T04:33:54.145Z","event":"POSITION_MONITOR","symbol":"ETHUSDT","positionId":"3dbae777-a1a4-47b4-921f-bfa7eb25feb5","currentPrice":2004.32,"entry":1998.25,"sl":1978.188133313278,"tp":2038.373733373444,"distanceToTpPct":1.7,"distanceToSlPct":1.3}
{"timestamp":"2026-06-02T04:33:55.137Z","event":"POSITION_MONITOR","symbol":"BTCUSDT","positionId":"1255230d-a07d-4be6-87a0-419e8386552d","currentPrice":70992.01,"entry":70770.81,"sl":71255.79251977339,"tp":69800.84496045322,"distanceToTpPct":1.68,"distanceToSlPct":0.37}
{"timestamp":"2026-06-02T04:38:55.109Z","event":"POSITION_MONITOR","symbol":"ETHUSDT","positionId":"3dbae777-a1a4-47b4-921f-bfa7eb25feb5","currentPrice":2003.04,"entry":1998.25,"sl":1978.188133313278,"tp":2038.373733373444,"distanceToTpPct":1.76,"distanceToSlPct":1.24}
{"timestamp":"2026-06-02T04:38:56.114Z","event":"POSITION_MONITOR","symbol":"BTCUSDT","positionId":"1255230d-a07d-4be6-87a0-419e8386552d","currentPrice":71017.81,"entry":70770.81,"sl":71255.79251977339,"tp":69800.84496045322,"distanceToTpPct":1.71,"distanceToSlPct":0.34}
{"timestamp":"2026-06-02T04:41:59.106Z","event":"POSITION_MONITOR","symbol":"BTCUSDT","positionId":"1255230d-a07d-4be6-87a0-419e8386552d","currentPrice":71030.48,"entry":70770.81,"sl":71255.79251977339,"tp":69800.84496045322,"distanceToTpPct":1.73,"distanceToSlPct":0.32}
{"timestamp":"2026-06-02T04:41:59.106Z","event":"POSITION_MONITOR","symbol":"ETHUSDT","positionId":"3dbae777-a1a4-47b4-921f-bfa7eb25feb5","currentPrice":2002.82,"entry":1998.25,"sl":1978.188133313278,"tp":2038.373733373444,"distanceToTpPct":1.78,"distanceToSlPct":1.23}
{"timestamp":"2026-06-02T04:46:59.394Z","event":"POSITION_MONITOR","symbol":"BTCUSDT","positionId":"1255230d-a07d-4be6-87a0-419e8386552d","currentPrice":70978.01,"entry":70770.81,"sl":71255.79251977339,"tp":69800.84496045322,"distanceToTpPct":1.66,"distanceToSlPct":0.39}
{"timestamp":"2026-06-02T04:46:59.395Z","event":"POSITION_MONITOR","symbol":"ETHUSDT","positionId":"3dbae777-a1a4-47b4-921f-bfa7eb25feb5","currentPrice":1999.94,"entry":1998.25,"sl":1978.188133313278,"tp":2038.373733373444,"distanceToTpPct":1.92,"distanceToSlPct":1.09}
{"timestamp":"2026-06-02T04:52:00.300Z","event":"POSITION_MONITOR","symbol":"BTCUSDT","positionId":"1255230d-a07d-4be6-87a0-419e8386552d","currentPrice":70879,"entry":70770.81,"sl":71255.79251977339,"tp":69800.84496045322,"distanceToTpPct":1.52,"distanceToSlPct":0.53}
{"timestamp":"2026-06-02T04:52:00.301Z","event":"POSITION_MONITOR","symbol":"ETHUSDT","positionId":"3dbae777-a1a4-47b4-921f-bfa7eb25feb5","currentPrice":1998.38,"entry":1998.25,"sl":1978.188133313278,"tp":2038.373733373444,"distanceToTpPct":2,"distanceToSlPct":1.01}
{"timestamp":"2026-06-02T04:57:01.111Z","event":"POSITION_MONITOR","symbol":"BTCUSDT","positionId":"1255230d-a07d-4be6-87a0-419e8386552d","currentPrice":70821.48,"entry":70770.81,"sl":71255.79251977339,"tp":69800.84496045322,"distanceToTpPct":1.44,"distanceToSlPct":0.61}
{"timestamp":"2026-06-02T04:57:01.112Z","event":"POSITION_MONITOR","symbol":"ETHUSDT","positionId":"3dbae777-a1a4-47b4-921f-bfa7eb25feb5","currentPrice":1997.86,"entry":1998.25,"sl":1978.188133313278,"tp":2038.373733373444,"distanceToTpPct":2.03,"distanceToSlPct":0.98}
{"timestamp":"2026-06-02T05:02:01.112Z","event":"POSITION_MONITOR","symbol":"BTCUSDT","positionId":"1255230d-a07d-4be6-87a0-419e8386552d","currentPrice":70829.99,"entry":70770.81,"sl":71255.79251977339,"tp":69800.84496045322,"distanceToTpPct":1.45,"distanceToSlPct":0.6}
{"timestamp":"2026-06-02T05:02:01.122Z","event":"POSITION_MONITOR","symbol":"ETHUSDT","positionId":"3dbae777-a1a4-47b4-921f-bfa7eb25feb5","currentPrice":1997.69,"entry":1998.25,"sl":1978.188133313278,"tp":2038.373733373444,"distanceToTpPct":2.04,"distanceToSlPct":0.98}
{"timestamp":"2026-06-02T05:07:01.117Z","event":"POSITION_MONITOR","symbol":"BTCUSDT","positionId":"1255230d-a07d-4be6-87a0-419e8386552d","currentPrice":70645.77,"entry":70770.81,"sl":71255.79251977339,"tp":69800.84496045322,"distanceToTpPct":1.2,"distanceToSlPct":0.86}
{"timestamp":"2026-06-02T05:07:02.114Z","event":"POSITION_MONITOR","symbol":"ETHUSDT","positionId":"3dbae777-a1a4-47b4-921f-bfa7eb25feb5","currentPrice":1992.73,"entry":1998.25,"sl":1978.188133313278,"tp":2038.373733373444,"distanceToTpPct":2.29,"distanceToSlPct":0.73}
