{"timestamp":"2026-06-02T04:19:53.462Z","event":"SIGNAL_GENERATED","strategyId":"lorentzian","strategyName":"Lorentzian Classification","symbol":"BTCUSDT","timeframe":"15m","confidence":93,"direction":"SHORT","regime":"Bearish Trend"}
{"timestamp":"2026-06-02T04:19:54.563Z","event":"SIGNAL_GENERATED","strategyId":"defensive","strategyName":"Defensive Strategy","symbol":"ETHUSDT","timeframe":"15m","confidence":95,"direction":"LONG","regime":"Bullish Trend"}
{"timestamp":"2026-06-02T04:23:51.610Z","event":"SIGNAL_GENERATED","strategyId":"lorentzian","strategyName":"Lorentzian Classification","symbol":"BTCUSDT","timeframe":"15m","confidence":93,"direction":"SHORT","regime":"Bearish Trend"}
{"timestamp":"2026-06-02T04:23:51.643Z","event":"SIGNAL_REJECTED","strategyId":"lorentzian","symbol":"BTCUSDT","reason":"Active position already exists for user 99ac5948-2951-4423-83c1-76d7d6ef0f63"}
{"timestamp":"2026-06-02T04:23:52.042Z","event":"SIGNAL_GENERATED","strategyId":"defensive","strategyName":"Defensive Strategy","symbol":"ETHUSDT","timeframe":"15m","confidence":95,"direction":"LONG","regime":"Bullish Trend"}
{"timestamp":"2026-06-02T04:23:52.051Z","event":"SIGNAL_REJECTED","strategyId":"defensive","symbol":"ETHUSDT","reason":"Active position already exists for user 99ac5948-2951-4423-83c1-76d7d6ef0f63"}
{"timestamp":"2026-06-02T04:41:57.147Z","event":"SIGNAL_GENERATED","strategyId":"lorentzian","strategyName":"Lorentzian Classification","symbol":"BTCUSDT","timeframe":"15m","confidence":78,"direction":"SHORT","regime":"Bearish Trend"}
{"timestamp":"2026-06-02T04:41:57.167Z","event":"SIGNAL_REJECTED","strategyId":"lorentzian","symbol":"BTCUSDT","reason":"Active position already exists for user 99ac5948-2951-4423-83c1-76d7d6ef0f63"}
{"timestamp":"2026-06-02T04:41:57.536Z","event":"SIGNAL_REJECTED","strategyId":"momentum","strategyName":"Momentum Strategy","symbol":"ETHUSDT","timeframe":"15m","confidence":0,"reason":"Regime mismatch: Momentum strategy not allowed in TRENDING regime."}
{"timestamp":"2026-06-02T04:41:57.537Z","event":"SIGNAL_GENERATED","strategyId":"defensive","strategyName":"Defensive Strategy","symbol":"ETHUSDT","timeframe":"15m","confidence":95,"direction":"LONG","regime":"Bullish Trend"}
{"timestamp":"2026-06-02T04:41:57.543Z","event":"SIGNAL_REJECTED","strategyId":"defensive","symbol":"ETHUSDT","reason":"Active position already exists for user 99ac5948-2951-4423-83c1-76d7d6ef0f63"}
{"timestamp":"2026-06-02T05:10:00.151Z","event":"SIGNAL_GENERATED","strategyId":"defensive","strategyName":"Defensive Strategy","symbol":"BTCUSDT","timeframe":"5m","confidence":100,"direction":"SHORT","regime":"Bearish Trend"}
{"timestamp":"2026-06-02T05:10:00.180Z","event":"SIGNAL_REJECTED","strategyId":"defensive","symbol":"BTCUSDT","reason":"Active position already exists for user 99ac5948-2951-4423-83c1-76d7d6ef0f63"}
{"timestamp":"2026-06-02T05:15:00.324Z","event":"SIGNAL_REJECTED","strategyId":"macd-momentum","strategyName":"MACD Momentum Strategy","symbol":"SOLUSDT","timeframe":"15m","confidence":0,"reason":"Regime mismatch: Momentum strategy not allowed in TRENDING regime."}
{"timestamp":"2026-06-02T05:15:00.324Z","event":"SIGNAL_GENERATED","strategyId":"defensive","strategyName":"Defensive Strategy","symbol":"SOLUSDT","timeframe":"15m","confidence":100,"direction":"SHORT","regime":"Bearish Trend"}
{"timestamp":"2026-06-02T05:20:00.175Z","event":"SIGNAL_REJECTED","strategyId":"momentum","strategyName":"Momentum Strategy","symbol":"BTCUSDT","timeframe":"5m","confidence":0,"reason":"Regime mismatch: Momentum strategy not allowed in TRENDING regime."}
{"timestamp":"2026-06-02T05:30:00.318Z","event":"SIGNAL_GENERATED","strategyId":"defensive","strategyName":"Defensive Strategy","symbol":"SOLUSDT","timeframe":"5m","confidence":90,"direction":"SHORT","regime":"Bearish Trend"}
{"timestamp":"2026-06-02T05:30:00.344Z","event":"SIGNAL_REJECTED","strategyId":"momentum","strategyName":"Momentum Strategy","symbol":"SOLUSDT","timeframe":"15m","confidence":0,"reason":"Regime mismatch: Momentum strategy not allowed in TRENDING regime."}
{"timestamp":"2026-06-02T05:30:00.349Z","event":"SIGNAL_REJECTED","strategyId":"defensive","symbol":"SOLUSDT","reason":"Active position already exists for user 99ac5948-2951-4423-83c1-76d7d6ef0f63"}
{"timestamp":"2026-06-02T05:35:00.228Z","event":"SIGNAL_REJECTED","strategyId":"momentum","strategyName":"Momentum Strategy","symbol":"SOLUSDT","timeframe":"5m","confidence":0,"reason":"Regime mismatch: Momentum strategy not allowed in BREAKOUT regime."}
{"timestamp":"2026-06-02T05:45:00.165Z","event":"SIGNAL_REJECTED","strategyId":"lorentzian","strategyName":"Lorentzian Classification","symbol":"BTCUSDT","confidence":73,"threshold":75,"reason":"Confidence 73% below threshold 75%"}
{"timestamp":"2026-06-02T05:45:00.195Z","event":"SIGNAL_REJECTED","strategyId":"macd-momentum","strategyName":"MACD Momentum Strategy","symbol":"BTCUSDT","timeframe":"15m","confidence":0,"reason":"Regime mismatch: Momentum strategy not allowed in TRENDING regime."}
{"timestamp":"2026-06-02T05:45:00.195Z","event":"SIGNAL_REJECTED","strategyId":"momentum","strategyName":"Momentum Strategy","symbol":"BTCUSDT","timeframe":"15m","confidence":0,"reason":"Regime mismatch: Momentum strategy not allowed in TRENDING regime."}
{"timestamp":"2026-06-02T05:45:00.195Z","event":"SIGNAL_GENERATED","strategyId":"defensive","strategyName":"Defensive Strategy","symbol":"BTCUSDT","timeframe":"15m","confidence":100,"direction":"SHORT","regime":"Bearish Trend"}
{"timestamp":"2026-06-02T05:45:00.244Z","event":"SIGNAL_REJECTED","strategyId":"defensive","symbol":"BTCUSDT","reason":"Active position already exists for user 99ac5948-2951-4423-83c1-76d7d6ef0f63"}
{"timestamp":"2026-06-02T05:45:00.302Z","event":"SIGNAL_GENERATED","strategyId":"lorentzian","strategyName":"Lorentzian Classification","symbol":"SOLUSDT","timeframe":"5m","confidence":85,"direction":"SHORT","regime":"Bearish Trend"}
{"timestamp":"2026-06-02T05:45:00.310Z","event":"SIGNAL_REJECTED","strategyId":"lorentzian","symbol":"SOLUSDT","reason":"Active position already exists for user 99ac5948-2951-4423-83c1-76d7d6ef0f63"}
{"timestamp":"2026-06-02T05:45:00.343Z","event":"SIGNAL_GENERATED","strategyId":"lorentzian","strategyName":"Lorentzian Classification","symbol":"SOLUSDT","timeframe":"15m","confidence":78,"direction":"SHORT","regime":"Bearish Trend"}
{"timestamp":"2026-06-02T05:45:00.350Z","event":"SIGNAL_REJECTED","strategyId":"lorentzian","symbol":"SOLUSDT","reason":"Active position already exists for user 99ac5948-2951-4423-83c1-76d7d6ef0f63"}
{"timestamp":"2026-06-02T05:50:00.145Z","event":"SIGNAL_GENERATED","strategyId":"bollinger-breakout","strategyName":"Bollinger Breakout Strategy","symbol":"BTCUSDT","timeframe":"5m","confidence":90,"direction":"SHORT","regime":"Breakout"}
{"timestamp":"2026-06-02T05:50:00.170Z","event":"SIGNAL_REJECTED","strategyId":"defensive","strategyName":"Defensive Strategy","symbol":"ETHUSDT","timeframe":"5m","confidence":0,"reason":"Regime mismatch: Defensive strategy not allowed in BREAKOUT regime."}
{"timestamp":"2026-06-02T05:50:00.177Z","event":"SIGNAL_REJECTED","strategyId":"bollinger-breakout","symbol":"BTCUSDT","reason":"Active position already exists for user 99ac5948-2951-4423-83c1-76d7d6ef0f63"}
{"timestamp":"2026-06-02T05:50:00.177Z","event":"SIGNAL_GENERATED","strategyId":"donchian-breakout","strategyName":"Donchian Breakout Strategy","symbol":"BTCUSDT","timeframe":"5m","confidence":80,"direction":"SHORT","regime":"Breakout"}
{"timestamp":"2026-06-02T05:50:00.181Z","event":"SIGNAL_REJECTED","strategyId":"donchian-breakout","symbol":"BTCUSDT","reason":"Active position already exists for user 99ac5948-2951-4423-83c1-76d7d6ef0f63"}
{"timestamp":"2026-06-02T06:00:00.212Z","event":"SIGNAL_REJECTED","strategyId":"bollinger-breakout","strategyName":"Bollinger Breakout Strategy","symbol":"BTCUSDT","timeframe":"15m","confidence":0,"reason":"Regime mismatch: Breakout strategy not allowed in TRENDING regime."}
{"timestamp":"2026-06-02T06:00:00.256Z","event":"SIGNAL_REJECTED","strategyId":"momentum","strategyName":"Momentum Strategy","symbol":"ETHUSDT","timeframe":"5m","confidence":0,"reason":"Regime mismatch: Momentum strategy not allowed in BREAKOUT regime."}
{"timestamp":"2026-06-02T06:00:00.256Z","event":"SIGNAL_GENERATED","strategyId":"donchian-breakout","strategyName":"Donchian Breakout Strategy","symbol":"ETHUSDT","timeframe":"5m","confidence":90,"direction":"SHORT","regime":"Breakout"}
{"timestamp":"2026-06-02T06:00:00.286Z","event":"SIGNAL_REJECTED","strategyId":"momentum","strategyName":"Momentum Strategy","symbol":"ETHUSDT","timeframe":"15m","confidence":0,"reason":"Regime mismatch: Momentum strategy not allowed in TRENDING regime."}
{"timestamp":"2026-06-02T06:00:00.286Z","event":"SIGNAL_GENERATED","strategyId":"ema-crossover","strategyName":"EMA Crossover Strategy","symbol":"ETHUSDT","timeframe":"15m","confidence":95,"direction":"SHORT","regime":"Bearish Trend"}
{"timestamp":"2026-06-02T06:00:00.300Z","event":"SIGNAL_REJECTED","strategyId":"donchian-breakout","symbol":"ETHUSDT","reason":"Active position already exists for user 99ac5948-2951-4423-83c1-76d7d6ef0f63"}
{"timestamp":"2026-06-02T06:00:00.301Z","event":"SIGNAL_GENERATED","strategyId":"lorentzian","strategyName":"Lorentzian Classification","symbol":"ETHUSDT","timeframe":"5m","confidence":75,"direction":"SHORT","regime":"Breakout"}
{"timestamp":"2026-06-02T06:00:00.305Z","event":"SIGNAL_REJECTED","strategyId":"lorentzian","symbol":"ETHUSDT","reason":"Active position already exists for user 99ac5948-2951-4423-83c1-76d7d6ef0f63"}
{"timestamp":"2026-06-02T06:00:00.317Z","event":"SIGNAL_REJECTED","strategyId":"ema-crossover","symbol":"ETHUSDT","reason":"Active position already exists for user 99ac5948-2951-4423-83c1-76d7d6ef0f63"}
{"timestamp":"2026-06-02T06:00:00.317Z","event":"SIGNAL_GENERATED","strategyId":"defensive","strategyName":"Defensive Strategy","symbol":"ETHUSDT","timeframe":"15m","confidence":100,"direction":"SHORT","regime":"Bearish Trend"}
{"timestamp":"2026-06-02T06:00:00.320Z","event":"SIGNAL_REJECTED","strategyId":"defensive","symbol":"ETHUSDT","reason":"Active position already exists for user 99ac5948-2951-4423-83c1-76d7d6ef0f63"}
{"timestamp":"2026-06-02T06:00:00.392Z","event":"SIGNAL_GENERATED","strategyId":"bollinger-breakout","strategyName":"Bollinger Breakout Strategy","symbol":"SOLUSDT","timeframe":"5m","confidence":100,"direction":"SHORT","regime":"Breakout"}
{"timestamp":"2026-06-02T06:00:00.421Z","event":"SIGNAL_REJECTED","strategyId":"bollinger-breakout","strategyName":"Bollinger Breakout Strategy","symbol":"SOLUSDT","timeframe":"15m","confidence":0,"reason":"Regime mismatch: Breakout strategy not allowed in TRENDING regime."}
{"timestamp":"2026-06-02T06:00:00.427Z","event":"SIGNAL_REJECTED","strategyId":"bollinger-breakout","symbol":"SOLUSDT","reason":"Active position already exists for user 99ac5948-2951-4423-83c1-76d7d6ef0f63"}
{"timestamp":"2026-06-02T06:00:00.427Z","event":"SIGNAL_GENERATED","strategyId":"donchian-breakout","strategyName":"Donchian Breakout Strategy","symbol":"SOLUSDT","timeframe":"5m","confidence":80,"direction":"SHORT","regime":"Breakout"}
{"timestamp":"2026-06-02T06:00:00.430Z","event":"SIGNAL_REJECTED","strategyId":"donchian-breakout","symbol":"SOLUSDT","reason":"Active position already exists for user 99ac5948-2951-4423-83c1-76d7d6ef0f63"}
{"timestamp":"2026-06-02T06:15:00.296Z","event":"SIGNAL_REJECTED","strategyId":"dow-mfi-rsi","strategyName":"Dow Factor MFI RSI Strategy","symbol":"ETHUSDT","timeframe":"15m","confidence":0,"reason":"Regime mismatch: Momentum strategy not allowed in TRENDING regime."}
{"timestamp":"2026-06-02T06:15:00.403Z","event":"SIGNAL_REJECTED","strategyId":"dow-mfi-rsi","strategyName":"Dow Factor MFI RSI Strategy","symbol":"SOLUSDT","timeframe":"15m","confidence":0,"reason":"Regime mismatch: Momentum strategy not allowed in TRENDING regime."}
{"timestamp":"2026-06-02T06:30:00.370Z","event":"SIGNAL_GENERATED","strategyId":"lorentzian","strategyName":"Lorentzian Classification","symbol":"ETHUSDT","timeframe":"15m","confidence":78,"direction":"SHORT","regime":"Bearish Trend"}
{"timestamp":"2026-06-02T06:30:00.448Z","event":"SIGNAL_REJECTED","strategyId":"lorentzian","symbol":"ETHUSDT","reason":"Active position already exists for user 99ac5948-2951-4423-83c1-76d7d6ef0f63"}
{"timestamp":"2026-06-02T06:50:00.207Z","event":"SIGNAL_REJECTED","strategyId":"macd-momentum","strategyName":"MACD Momentum Strategy","symbol":"ETHUSDT","timeframe":"5m","confidence":0,"reason":"Regime mismatch: Momentum strategy not allowed in TRENDING regime."}
{"timestamp":"2026-06-02T06:50:00.207Z","event":"SIGNAL_REJECTED","strategyId":"dow-mfi-rsi","strategyName":"Dow Factor MFI RSI Strategy","symbol":"ETHUSDT","timeframe":"5m","confidence":0,"reason":"Regime mismatch: Momentum strategy not allowed in TRENDING regime."}
{"timestamp":"2026-06-02T06:50:00.290Z","event":"SIGNAL_REJECTED","strategyId":"macd-momentum","strategyName":"MACD Momentum Strategy","symbol":"SOLUSDT","timeframe":"5m","confidence":0,"reason":"Regime mismatch: Momentum strategy not allowed in TRENDING regime."}
{"timestamp":"2026-06-02T07:00:00.251Z","event":"SIGNAL_REJECTED","strategyId":"macd-momentum","strategyName":"MACD Momentum Strategy","symbol":"ETHUSDT","timeframe":"5m","confidence":0,"reason":"Regime mismatch: Momentum strategy not allowed in TRENDING regime."}
{"timestamp":"2026-06-02T07:05:00.196Z","event":"SIGNAL_REJECTED","strategyId":"bollinger-breakout","strategyName":"Bollinger Breakout Strategy","symbol":"ETHUSDT","timeframe":"5m","confidence":0,"reason":"Regime mismatch: Breakout strategy not allowed in TRENDING regime."}
{"timestamp":"2026-06-02T07:05:00.256Z","event":"SIGNAL_REJECTED","strategyId":"dow-mfi-rsi","strategyName":"Dow Factor MFI RSI Strategy","symbol":"SOLUSDT","timeframe":"5m","confidence":0,"reason":"Regime mismatch: Momentum strategy not allowed in TRENDING regime."}
{"timestamp":"2026-06-02T07:35:00.188Z","event":"SIGNAL_REJECTED","strategyId":"macd-momentum","strategyName":"MACD Momentum Strategy","symbol":"BTCUSDT","timeframe":"5m","confidence":0,"reason":"Regime mismatch: Momentum strategy not allowed in TRENDING regime."}
